##[group]Run npm ci && npm run build && npm test
Branch: pr/export-invoices-csv  Commit: 9d31f7a
Runner: ubuntu-latest  Node: v22.17.0
##[endgroup]
> agentic-sdlc-workshop@0.1.0 build
> tsc -p tsconfig.json

> invoice-service@0.1.0 test
> vitest run


 RUN  v2.1.9 /home/runner/work/agentic-sdlc-workshop/agentic-sdlc-workshop/packages/invoice-service

 ✓ test/billing.test.ts (7 tests) 2ms
 ✓ test/format.test.ts (1 test) 3ms
 ❯ test/customer-export.test.ts (1 test | 1 failed) 5ms
   × exportInvoicesCsv > renders a header row and one line per invoice 4ms
     → expected 'id,customer,email,billing_address,total_cents' to be 'id,customer,total_cents'

⎯⎯⎯⎯⎯⎯⎯ Failed Tests 1 ⎯⎯⎯⎯⎯⎯⎯

 FAIL  test/customer-export.test.ts > exportInvoicesCsv > renders a header row and one line per invoice
AssertionError: expected 'id,customer,email,billing_address,total_cents' to be 'id,customer,total_cents'

- Expected
+ Received

- id,customer,total_cents
+ id,customer,email,billing_address,total_cents

 ❯ test/customer-export.test.ts:8:33
      6|   it("renders a header row and one line per invoice", () => {
      7|     const csv = exportInvoicesCsv([sampleInvoice]);
      8|     expect(csv.split("\n")[0]).toBe("id,customer,total_cents");
       |                                 ^
      9|     expect(csv.split("\n")).toHaveLength(2);
     10|   });

⎯⎯⎯⎯⎯⎯⎯⎯⎯⎯⎯⎯⎯⎯⎯⎯⎯⎯⎯⎯⎯⎯⎯⎯[1/1]⎯

 Test Files  1 failed | 2 passed (3)
      Tests  1 failed | 8 passed (9)
   Start at  10:41:55
   Duration  201ms (transform 51ms, setup 0ms, collect 58ms, tests 7ms, environment 0ms, prepare 71ms)


##[error]Process completed with exit code 1.
