##[group]Run npm ci && npm run build && npm test
Branch: pr/summary-format-label  Commit: c4f2801
Runner: ubuntu-latest  Node: v22.17.0
##[endgroup]
> agentic-sdlc-workshop@0.1.0 build
> tsc -p tsconfig.json

> invoice-service@0.1.0 test
> vitest run


 RUN  v2.1.9 /home/runner/work/workshop/workshop/packages/invoice-service

 ✓ test/format.test.ts (1 test) 3ms
 ❯ test/server.e2e.test.ts (1 test | 1 failed) 5003ms
   × server > responds to GET /invoices within timeout
     → Test timed out in 5000ms.
       If this is a long-running test, pass a timeout value as the last argument.

⎯⎯⎯⎯⎯⎯⎯ Failed Tests 1 ⎯⎯⎯⎯⎯⎯⎯

 FAIL  test/server.e2e.test.ts > server > responds to GET /invoices within timeout
Error: Test timed out in 5000ms.
   ❯ test/server.e2e.test.ts:21:5

 Test Files  1 failed | 1 passed (2)
      Tests  1 failed | 1 passed (2)

##[error]Process completed with exit code 1.
