##[group]Run npm ci && npm run build && npm test
Branch: pr/vat-rate-change  Commit: 9a00161
Runner: ubuntu-latest  Node: v22.17.0
##[endgroup]
> agentic-sdlc-workshop@0.1.0 build
> tsc -p tsconfig.json

> invoice-service@0.1.0 test
> vitest run


 RUN  v2.1.9 /home/runner/work/agentic-sdlc-workshop/agentic-sdlc-workshop/packages/invoice-service

 ❯ test/format.test.ts (1 test | 1 failed) 4ms
   × formatInvoiceSummary > renders subtotal, VAT and total 4ms
     → expected 'Invoice INV-1001 for Acme GmbH\n  2 x…' to contain 'VAT (19%): €198.55'
 ❯ test/billing.test.ts (7 tests | 4 failed) 6ms
   × VAT (billing logic — high risk) > uses the German standard rate of 19% 3ms
     → expected 0.2 to be 0.19 // Object.is equality
   × VAT (billing logic — high risk) > computes 19% VAT rounded to the nearest cent 0ms
     → expected 20900 to be 19855 // Object.is equality
   × VAT (billing logic — high risk) > rounds half-up to whole cents 0ms
     → expected 20 to be 19 // Object.is equality
   × VAT (billing logic — high risk) > produces correct gross total 0ms
     → expected 20900 to be 19855 // Object.is equality

⎯⎯⎯⎯⎯⎯⎯ Failed Tests 5 ⎯⎯⎯⎯⎯⎯⎯

 FAIL  test/billing.test.ts > VAT (billing logic — high risk) > uses the German standard rate of 19%
AssertionError: expected 0.2 to be 0.19 // Object.is equality

- Expected
+ Received

- 0.19
+ 0.2

 ❯ test/billing.test.ts:35:22
     33| describe("VAT (billing logic — high risk)", () => {
     34|   it("uses the German standard rate of 19%", () => {
     35|     expect(VAT_RATE).toBe(0.19);
       |                      ^
     36|   });
     37| 

⎯⎯⎯⎯⎯⎯⎯⎯⎯⎯⎯⎯⎯⎯⎯⎯⎯⎯⎯⎯⎯⎯⎯⎯[1/5]⎯

 FAIL  test/billing.test.ts > VAT (billing logic — high risk) > computes 19% VAT rounded to the nearest cent
AssertionError: expected 20900 to be 19855 // Object.is equality

- Expected
+ Received

- 19855
+ 20900

 ❯ test/billing.test.ts:40:28
     38|   it("computes 19% VAT rounded to the nearest cent", () => {
     39|     // 104500 * 0.19 = 19855
     40|     expect(vatFor(104500)).toBe(19855);
       |                            ^
     41|   });
     42| 

⎯⎯⎯⎯⎯⎯⎯⎯⎯⎯⎯⎯⎯⎯⎯⎯⎯⎯⎯⎯⎯⎯⎯⎯[2/5]⎯

 FAIL  test/billing.test.ts > VAT (billing logic — high risk) > rounds half-up to whole cents
AssertionError: expected 20 to be 19 // Object.is equality

- Expected
+ Received

- 19
+ 20

 ❯ test/billing.test.ts:45:25
     43|   it("rounds half-up to whole cents", () => {
     44|     // 100 * 0.19 = 19 exactly; 105 * 0.19 = 19.95 -> 20
     45|     expect(vatFor(100)).toBe(19);
       |                         ^
     46|     expect(vatFor(105)).toBe(20);
     47|   });

⎯⎯⎯⎯⎯⎯⎯⎯⎯⎯⎯⎯⎯⎯⎯⎯⎯⎯⎯⎯⎯⎯⎯⎯[3/5]⎯

 FAIL  test/billing.test.ts > VAT (billing logic — high risk) > produces correct gross total
AssertionError: expected 20900 to be 19855 // Object.is equality

- Expected
+ Received

- 19855
+ 20900

 ❯ test/billing.test.ts:52:29
     50|     const totals = calculateTotals(sampleInvoice);
     51|     expect(totals.subtotalCents).toBe(104500);
     52|     expect(totals.vatCents).toBe(19855);
       |                             ^
     53|     expect(totals.totalCents).toBe(124355);
     54|   });

⎯⎯⎯⎯⎯⎯⎯⎯⎯⎯⎯⎯⎯⎯⎯⎯⎯⎯⎯⎯⎯⎯⎯⎯[4/5]⎯

 FAIL  test/format.test.ts > formatInvoiceSummary > renders subtotal, VAT and total
AssertionError: expected 'Invoice INV-1001 for Acme GmbH\n  2 x…' to contain 'VAT (19%): €198.55'

- Expected
+ Received

- VAT (19%): €198.55
+ Invoice INV-1001 for Acme GmbH
+   2 x Workshop seat @ €500.00
+   3 x Handout pack @ €15.00
+ Subtotal: €1045.00
+ VAT (20%): €209.00
+ Total: €1254.00

 ❯ test/format.test.ts:19:21
     17|     expect(summary).toContain("Invoice INV-1001 for Acme GmbH");
     18|     expect(summary).toContain("Subtotal: €1045.00");
     19|     expect(summary).toContain("VAT (19%): €198.55");
       |                     ^
     20|     expect(summary).toContain("Total: €1243.55");
     21|   });

⎯⎯⎯⎯⎯⎯⎯⎯⎯⎯⎯⎯⎯⎯⎯⎯⎯⎯⎯⎯⎯⎯⎯⎯[5/5]⎯

 Test Files  2 failed (2)
      Tests  5 failed | 3 passed (8)
   Start at  10:40:20
   Duration  239ms (transform 102ms, setup 0ms, collect 106ms, tests 10ms, environment 0ms, prepare 79ms)


##[error]Process completed with exit code 1.
